[2015-03-14 10:53:24]	Cannot open file 
[2015-03-14 10:53:24]	E:\Project\Git\ic_naturallanguageprocessing\modules\Segment\com.luoyuanhang.segment\Data\KeyBlackList.pdat
[2015-03-14 10:53:32]	Cannot open file 
[2015-03-14 10:53:32]	E:\Project\Git\ic_naturallanguageprocessing\modules\Segment\com.luoyuanhang.segment\Data\KeyBlackList.pdat
[2015-03-14 11:05:58]	Cannot open file 
[2015-03-14 11:05:58]	E:\Project\Git\ic_naturallanguageprocessing\modules\Segment\com.luoyuanhang.segment\Data\KeyBlackList.pdat
[2015-03-14 11:06:12]	Cannot open file 
[2015-03-14 11:06:12]	E:\Project\Git\ic_naturallanguageprocessing\modules\Segment\com.luoyuanhang.segment\Data\KeyBlackList.pdat
[2015-03-14 11:07:23]	Cannot open file 
[2015-03-14 11:07:23]	E:\Project\Git\ic_naturallanguageprocessing\modules\Segment\com.luoyuanhang.segment\Data\KeyBlackList.pdat
[2015-03-14 11:09:10]	Cannot open file 
[2015-03-14 11:09:10]	E:\Project\Git\ic_naturallanguageprocessing\modules\Segment\com.luoyuanhang.segment\Data\KeyBlackList.pdat
[2015-03-14 11:09:28]	Cannot open file 
[2015-03-14 11:09:28]	E:\Project\Git\ic_naturallanguageprocessing\modules\Segment\com.luoyuanhang.segment\Data\KeyBlackList.pdat
[2015-03-14 11:09:51]	Cannot open file 
[2015-03-14 11:09:51]	E:\Project\Git\ic_naturallanguageprocessing\modules\Segment\com.luoyuanhang.segment\Data\KeyBlackList.pdat
[2015-03-14 11:10:53]	Cannot open file 
[2015-03-14 11:10:53]	E:\Project\Git\ic_naturallanguageprocessing\modules\Segment\com.luoyuanhang.segment\Data\KeyBlackList.pdat
[2015-03-14 11:12:07]	Cannot open file 
[2015-03-14 11:12:07]	E:\Project\Git\ic_naturallanguageprocessing\modules\Segment\com.luoyuanhang.segment\Data\KeyBlackList.pdat
[2015-03-14 11:12:28]	Cannot open file 
[2015-03-14 11:12:28]	E:\Project\Git\ic_naturallanguageprocessing\modules\Segment\com.luoyuanhang.segment\Data\KeyBlackList.pdat
[2015-03-14 11:13:10]	Cannot open file 
[2015-03-14 11:13:10]	E:\Project\Git\ic_naturallanguageprocessing\modules\Segment\com.luoyuanhang.segment\Data\KeyBlackList.pdat
[2015-03-14 12:18:26]	Cannot open file 
[2015-03-14 12:18:26]	E:\Project\Git\ic_naturallanguageprocessing\modules\Segment\com.luoyuanhang.segment\Data\KeyBlackList.pdat
[2015-03-14 12:18:27]	Error read file
[2015-03-14 12:18:27]	test.txt
[2015-03-14 12:20:35]	Cannot open file 
[2015-03-14 12:20:35]	E:\Project\Git\ic_naturallanguageprocessing\modules\Segment\com.luoyuanhang.segment\Data\KeyBlackList.pdat
[2015-03-14 12:21:37]	Cannot open file 
[2015-03-14 12:21:37]	E:\Project\Git\ic_naturallanguageprocessing\modules\Segment\com.luoyuanhang.segment\Data\KeyBlackList.pdat
[2015-03-14 12:21:52]	Cannot open file 
[2015-03-14 12:21:52]	E:\Project\Git\ic_naturallanguageprocessing\modules\Segment\com.luoyuanhang.segment\Data\KeyBlackList.pdat
[2015-03-14 12:23:00]	Cannot open file 
[2015-03-14 12:23:00]	E:\Project\Git\ic_naturallanguageprocessing\modules\Segment\com.luoyuanhang.segment\Data\KeyBlackList.pdat
[2015-03-14 12:23:15]	Cannot open file 
[2015-03-14 12:23:15]	E:\Project\Git\ic_naturallanguageprocessing\modules\Segment\com.luoyuanhang.segment\Data\KeyBlackList.pdat
[2015-03-14 12:23:49]	Cannot open file 
[2015-03-14 12:23:49]	E:\Project\Git\ic_naturallanguageprocessing\modules\Segment\com.luoyuanhang.segment\Data\KeyBlackList.pdat
[2015-03-14 12:24:21]	Cannot open file 
[2015-03-14 12:24:21]	E:\Project\Git\ic_naturallanguageprocessing\modules\Segment\com.luoyuanhang.segment\Data\KeyBlackList.pdat
[2015-03-14 12:25:30]	Cannot open file 
[2015-03-14 12:25:30]	E:\Project\Git\ic_naturallanguageprocessing\modules\Segment\com.luoyuanhang.segment\Data\KeyBlackList.pdat
[2015-03-14 12:29:19]	Cannot open file 
[2015-03-14 12:29:19]	E:\Project\Git\ic_naturallanguageprocessing\modules\Segment\com.luoyuanhang.segment\Data\KeyBlackList.pdat
[2015-03-14 12:29:49]	Cannot open file 
[2015-03-14 12:29:49]	E:\Project\Git\ic_naturallanguageprocessing\modules\Segment\com.luoyuanhang.segment\Data\KeyBlackList.pdat
[2015-03-14 12:31:44]	Cannot open file 
[2015-03-14 12:31:44]	E:\Project\Git\ic_naturallanguageprocessing\modules\Segment\com.luoyuanhang.segment\Data\KeyBlackList.pdat
[2015-03-14 12:32:00]	Cannot open file 
[2015-03-14 12:32:00]	E:\Project\Git\ic_naturallanguageprocessing\modules\Segment\com.luoyuanhang.segment\Data\KeyBlackList.pdat
[2015-03-14 12:32:55]	Cannot open file 
[2015-03-14 12:32:55]	E:\Project\Git\ic_naturallanguageprocessing\modules\Segment\com.luoyuanhang.segment\Data\KeyBlackList.pdat
[2015-03-14 12:33:36]	Cannot open file 
[2015-03-14 12:33:36]	E:\Project\Git\ic_naturallanguageprocessing\modules\Segment\com.luoyuanhang.segment\Data\KeyBlackList.pdat
[2015-03-14 12:33:49]	Cannot open file 
[2015-03-14 12:33:49]	E:\Project\Git\ic_naturallanguageprocessing\modules\Segment\com.luoyuanhang.segment\Data\KeyBlackList.pdat
[2015-03-14 13:24:30]	Cannot open file 
[2015-03-14 13:24:30]	E:\Project\Git\ic_naturallanguageprocessing\modules\Segment\com.luoyuanhang.segment\Data\KeyBlackList.pdat
[2015-03-14 13:25:42]	Cannot open file 
[2015-03-14 13:25:42]	E:\Project\Git\ic_naturallanguageprocessing\modules\Segment\com.luoyuanhang.segment\Data\KeyBlackList.pdat
[2015-03-14 13:26:39]	Cannot open file 
[2015-03-14 13:26:39]	E:\Project\Git\ic_naturallanguageprocessing\modules\Segment\com.luoyuanhang.segment\Data\KeyBlackList.pdat
[2015-03-14 13:28:08]	Cannot open file 
[2015-03-14 13:28:08]	E:\Project\Git\ic_naturallanguageprocessing\modules\Segment\com.luoyuanhang.segment\Data\KeyBlackList.pdat
[2015-03-14 13:51:58]	Cannot open file 
[2015-03-14 13:51:58]	E:\Project\Git\ic_naturallanguageprocessing\modules\Segment\com.luoyuanhang.segment\Data\KeyBlackList.pdat
[2015-03-14 13:51:58]	Error read file
[2015-03-14 13:51:58]	test.txt
[2015-03-14 14:23:24]	Cannot open file 
[2015-03-14 14:23:24]	E:\Project\Git\ic_naturallanguageprocessing\modules\java\Data\KeyBlackList.pdat
[2015-03-14 14:23:25]	Error read file
[2015-03-14 14:23:25]	test.txt
[2015-03-14 14:35:28]	Cannot open file 
[2015-03-14 14:35:29]	E:\Project\Git\ic_naturallanguageprocessing\modules\java\Data\KeyBlackList.pdat
[2015-03-14 14:47:12]	Cannot open file 
[2015-03-14 14:47:12]	E:\Project\Git\ic_naturallanguageprocessing\modules\java\Data\KeyBlackList.pdat
[2015-03-14 14:48:37]	Cannot open file 
[2015-03-14 14:48:37]	E:\Project\Git\ic_naturallanguageprocessing\modules\java\Data\KeyBlackList.pdat
[2015-03-14 14:48:57]	Cannot open file 
[2015-03-14 14:48:57]	E:\Project\Git\ic_naturallanguageprocessing\modules\java\Data\KeyBlackList.pdat
[2015-03-14 14:50:04]	Cannot open file 
[2015-03-14 14:50:04]	E:\Project\Git\ic_naturallanguageprocessing\modules\java\Data\KeyBlackList.pdat
[2015-03-14 14:51:21]	Cannot open file 
[2015-03-14 14:51:21]	E:\Project\Git\ic_naturallanguageprocessing\modules\java\Data\KeyBlackList.pdat
[2015-03-14 14:51:36]	Cannot open file 
[2015-03-14 14:51:36]	E:\Project\Git\ic_naturallanguageprocessing\modules\java\Data\KeyBlackList.pdat
[2015-03-14 14:52:38]	Cannot open file 
[2015-03-14 14:52:38]	E:\Project\Git\ic_naturallanguageprocessing\modules\java\Data\KeyBlackList.pdat
[2015-03-14 14:53:52]	Cannot open file 
[2015-03-14 14:53:52]	E:\Project\Git\ic_naturallanguageprocessing\modules\java\Data\KeyBlackList.pdat
[2015-03-14 14:55:46]	Cannot open file 
[2015-03-14 14:55:46]	E:\Project\Git\ic_naturallanguageprocessing\modules\java\Data\KeyBlackList.pdat
[2015-03-14 14:59:03]	Cannot open file 
[2015-03-14 14:59:03]	E:\Project\Git\ic_naturallanguageprocessing\modules\java\Data\KeyBlackList.pdat
[2015-03-14 14:59:30]	Cannot open file 
[2015-03-14 14:59:30]	E:\Project\Git\ic_naturallanguageprocessing\modules\java\Data\KeyBlackList.pdat
[2015-03-14 15:02:08]	Cannot open file 
[2015-03-14 15:02:08]	E:\Project\Git\ic_naturallanguageprocessing\modules\java\Data\KeyBlackList.pdat
[2015-03-14 15:02:24]	Cannot open file 
[2015-03-14 15:02:24]	E:\Project\Git\ic_naturallanguageprocessing\modules\java\Data\KeyBlackList.pdat
[2015-03-14 15:03:12]	Cannot open file 
[2015-03-14 15:03:12]	E:\Project\Git\ic_naturallanguageprocessing\modules\java\Data\KeyBlackList.pdat
[2015-03-14 15:05:12]	Cannot open file 
[2015-03-14 15:05:12]	E:\Project\Git\ic_naturallanguageprocessing\modules\java\Data\KeyBlackList.pdat
[2015-03-14 15:05:40]	Cannot open file 
[2015-03-14 15:05:40]	E:\Project\Git\ic_naturallanguageprocessing\modules\java\Data\KeyBlackList.pdat
[2015-03-14 15:06:24]	Cannot open file 
[2015-03-14 15:06:24]	E:\Project\Git\ic_naturallanguageprocessing\modules\java\Data\KeyBlackList.pdat
[2015-03-14 15:06:41]	Cannot open file 
[2015-03-14 15:06:41]	E:\Project\Git\ic_naturallanguageprocessing\modules\java\Data\KeyBlackList.pdat
[2015-03-14 15:07:06]	Cannot open file 
[2015-03-14 15:07:06]	E:\Project\Git\ic_naturallanguageprocessing\modules\java\Data\KeyBlackList.pdat
[2015-03-14 15:07:51]	Cannot open file 
[2015-03-14 15:07:51]	E:\Project\Git\ic_naturallanguageprocessing\modules\java\Data\KeyBlackList.pdat
[2015-03-14 15:08:09]	Cannot open file 
[2015-03-14 15:08:09]	E:\Project\Git\ic_naturallanguageprocessing\modules\java\Data\KeyBlackList.pdat
[2015-03-14 15:08:31]	Cannot open file 
[2015-03-14 15:08:31]	E:\Project\Git\ic_naturallanguageprocessing\modules\java\Data\KeyBlackList.pdat
[2015-03-14 15:08:39]	Cannot open file 
[2015-03-14 15:08:39]	E:\Project\Git\ic_naturallanguageprocessing\modules\java\Data\KeyBlackList.pdat
[2015-03-14 15:09:02]	Cannot open file 
[2015-03-14 15:09:02]	E:\Project\Git\ic_naturallanguageprocessing\modules\java\Data\KeyBlackList.pdat
[2015-03-14 15:09:19]	Cannot open file 
[2015-03-14 15:09:19]	E:\Project\Git\ic_naturallanguageprocessing\modules\java\Data\KeyBlackList.pdat
[2015-03-14 15:30:40]	Cannot open file 
[2015-03-14 15:30:40]	E:\Project\Git\ic_naturallanguageprocessing\modules\java\Data\KeyBlackList.pdat
[2015-03-14 15:30:57]	Cannot open file 
[2015-03-14 15:30:57]	E:\Project\Git\ic_naturallanguageprocessing\modules\java\Data\KeyBlackList.pdat
[2015-03-14 15:32:27]	Cannot open file 
[2015-03-14 15:32:27]	E:\Project\Git\ic_naturallanguageprocessing\modules\java\Data\KeyBlackList.pdat
[2015-03-14 15:32:52]	Cannot open file 
[2015-03-14 15:32:52]	E:\Project\Git\ic_naturallanguageprocessing\modules\java\Data\KeyBlackList.pdat
[2015-03-14 15:33:14]	Cannot open file 
[2015-03-14 15:33:14]	E:\Project\Git\ic_naturallanguageprocessing\modules\java\Data\KeyBlackList.pdat
[2015-03-14 15:33:22]	Cannot open file 
[2015-03-14 15:33:22]	E:\Project\Git\ic_naturallanguageprocessing\modules\java\Data\KeyBlackList.pdat
[2015-03-14 15:33:51]	Cannot open file 
[2015-03-14 15:33:51]	E:\Project\Git\ic_naturallanguageprocessing\modules\java\Data\KeyBlackList.pdat
[2015-03-14 15:34:00]	Cannot open file 
[2015-03-14 15:34:00]	E:\Project\Git\ic_naturallanguageprocessing\modules\java\Data\KeyBlackList.pdat
[2015-03-14 15:34:24]	Cannot open file 
[2015-03-14 15:34:24]	E:\Project\Git\ic_naturallanguageprocessing\modules\java\Data\KeyBlackList.pdat
[2015-03-14 15:34:50]	Cannot open file 
[2015-03-14 15:34:50]	E:\Project\Git\ic_naturallanguageprocessing\modules\java\Data\KeyBlackList.pdat
[2015-03-14 15:35:56]	Cannot open file 
[2015-03-14 15:35:56]	E:\Project\Git\ic_naturallanguageprocessing\modules\java\Data\KeyBlackList.pdat
[2015-03-14 15:38:59]	Cannot open file 
[2015-03-14 15:38:59]	E:\Project\Git\ic_naturallanguageprocessing\modules\java\Data\KeyBlackList.pdat
[2015-03-14 15:40:59]	Cannot open file 
[2015-03-14 15:40:59]	E:\Project\Git\ic_naturallanguageprocessing\modules\java\Data\KeyBlackList.pdat
[2015-03-14 15:46:01]	Cannot open file 
[2015-03-14 15:46:01]	E:\Project\Git\ic_naturallanguageprocessing\modules\java\Data\KeyBlackList.pdat
[2015-03-14 16:02:43]	Cannot open file 
[2015-03-14 16:02:43]	E:\Project\Git\ic_naturallanguageprocessing\modules\java\Data\KeyBlackList.pdat
[2015-03-14 16:02:54]	Cannot open file 
[2015-03-14 16:02:54]	E:\Project\Git\ic_naturallanguageprocessing\modules\java\Data\KeyBlackList.pdat
[2015-03-14 16:42:41]	Cannot open file 
[2015-03-14 16:42:41]	E:\Project\Git\ic_naturallanguageprocessing\modules\java\Data\KeyBlackList.pdat
[2015-03-14 16:43:19]	Cannot open file 
[2015-03-14 16:43:19]	E:\Project\Git\ic_naturallanguageprocessing\modules\java\Data\KeyBlackList.pdat
[2015-03-14 16:43:32]	Cannot open file 
[2015-03-14 16:43:32]	E:\Project\Git\ic_naturallanguageprocessing\modules\java\Data\KeyBlackList.pdat
[2015-03-14 16:46:45]	Cannot open file 
[2015-03-14 16:46:45]	E:\Project\Git\ic_naturallanguageprocessing\modules\java\Data\KeyBlackList.pdat
[2015-03-14 16:47:58]	Cannot open file 
[2015-03-14 16:47:58]	E:\Project\Git\ic_naturallanguageprocessing\modules\java\Data\KeyBlackList.pdat
[2015-03-14 16:49:02]	Cannot open file 
[2015-03-14 16:49:02]	E:\Project\Git\ic_naturallanguageprocessing\modules\java\Data\KeyBlackList.pdat
[2015-03-14 16:51:02]	Cannot open file 
[2015-03-14 16:51:02]	E:\Project\Git\ic_naturallanguageprocessing\modules\java\Data\KeyBlackList.pdat
[2015-03-14 16:55:24]	Cannot open file 
[2015-03-14 16:55:24]	E:\Project\Git\ic_naturallanguageprocessing\modules\java\Data\KeyBlackList.pdat
[2015-03-14 19:05:04]	Cannot open file 
[2015-03-14 19:05:04]	E:\Project\Git\ic_naturallanguageprocessing\modules\java\Data\KeyBlackList.pdat
[2015-03-14 19:05:47]	Cannot open file 
[2015-03-14 19:05:47]	E:\Project\Git\ic_naturallanguageprocessing\modules\java\Data\KeyBlackList.pdat
[2015-03-14 19:08:22]	Cannot open file 
[2015-03-14 19:08:22]	E:\Project\Git\ic_naturallanguageprocessing\modules\java\Data\KeyBlackList.pdat
[2015-03-14 19:09:39]	Cannot open file 
[2015-03-14 19:09:39]	E:\Project\Git\ic_naturallanguageprocessing\modules\java\Data\KeyBlackList.pdat
[2015-03-14 19:10:21]	Cannot open file 
[2015-03-14 19:10:21]	E:\Project\Git\ic_naturallanguageprocessing\modules\java\Data\KeyBlackList.pdat
[2015-03-14 19:11:34]	Cannot open file 
[2015-03-14 19:11:34]	E:\Project\Git\ic_naturallanguageprocessing\modules\java\Data\KeyBlackList.pdat
[2015-03-14 19:22:00]	Cannot open file 
[2015-03-14 19:22:00]	E:\Project\Git\ic_naturallanguageprocessing\modules\java\Data\KeyBlackList.pdat
[2015-03-14 19:24:10]	Cannot open file 
[2015-03-14 19:24:10]	E:\Project\Git\ic_naturallanguageprocessing\modules\java\Data\KeyBlackList.pdat
[2015-03-14 19:25:15]	Cannot open file 
[2015-03-14 19:25:15]	E:\Project\Git\ic_naturallanguageprocessing\modules\java\Data\KeyBlackList.pdat
[2015-03-14 19:28:21]	Cannot open file 
[2015-03-14 19:28:21]	E:\Project\Git\ic_naturallanguageprocessing\modules\java\Data\KeyBlackList.pdat
[2015-03-14 19:32:39]	Cannot open file 
[2015-03-14 19:32:39]	E:\Project\Git\ic_naturallanguageprocessing\modules\java\Data\KeyBlackList.pdat
[2015-03-14 19:32:51]	Cannot open file 
[2015-03-14 19:32:51]	E:\Project\Git\ic_naturallanguageprocessing\modules\java\Data\KeyBlackList.pdat
[2015-03-14 19:36:14]	Cannot open file 
[2015-03-14 19:36:14]	E:\Project\Git\ic_naturallanguageprocessing\modules\java\Data\KeyBlackList.pdat
[2015-03-14 19:36:37]	Cannot open file 
[2015-03-14 19:36:37]	E:\Project\Git\ic_naturallanguageprocessing\modules\java\Data\KeyBlackList.pdat
[2015-03-14 19:37:07]	Cannot open file 
[2015-03-14 19:37:07]	E:\Project\Git\ic_naturallanguageprocessing\modules\java\Data\KeyBlackList.pdat
[2015-03-14 20:08:50]	Cannot open file 
[2015-03-14 20:08:50]	E:\Project\Git\ic_naturallanguageprocessing\modules\java\Data\KeyBlackList.pdat
[2015-03-14 20:11:56]	Cannot open file 
[2015-03-14 20:11:56]	E:\Project\Git\ic_naturallanguageprocessing\modules\java\Data\KeyBlackList.pdat
